<html>
<head>
<title>TestNG:  Default test</title>
<link href="../testng.css" rel="stylesheet" type="text/css" />
<link href="../my-testng.css" rel="stylesheet" type="text/css" />

<style type="text/css">
.log { display: none;} 
.stack-trace { display: none;} 
</style>
<script type="text/javascript">
<!--
function flip(e) {
  current = e.style.display;
  if (current == 'block') {
    e.style.display = 'none';
    return 0;
  }
  else {
    e.style.display = 'block';
    return 1;
  }
}

function toggleBox(szDivId, elem, msg1, msg2)
{
  var res = -1;  if (document.getElementById) {
    res = flip(document.getElementById(szDivId));
  }
  else if (document.all) {
    // this is the way old msie versions work
    res = flip(document.all[szDivId]);
  }
  if(elem) {
    if(res == 0) elem.innerHTML = msg1; else elem.innerHTML = msg2;
  }

}

function toggleAllBoxes() {
  if (document.getElementsByTagName) {
    d = document.getElementsByTagName('div');
    for (i = 0; i < d.length; i++) {
      if (d[i].className == 'log') {
        flip(d[i]);
      }
    }
  }
}

// -->
</script>

</head>
<body>
<h2 align='center'>Default test</h2><table border='1' align="center">
<tr>
<td>Tests passed/Failed/Skipped:</td><td>18/2/0</td>
</tr><tr>
<td>Started on:</td><td>Fri Oct 06 15:15:33 CST 2017</td>
</tr>
<tr><td>Total time:</td><td>157 seconds (157891 ms)</td>
</tr><tr>
<td>Included groups:</td><td></td>
</tr><tr>
<td>Excluded groups:</td><td></td>
</tr>
</table><p/>
<small><i>(Hover the method name to see the test class name)</i></small><p/>
<table width='100%' border='1' class='invocation-failed'>
<tr><td colspan='4' align='center'><b>FAILED TESTS</b></td></tr>
<tr><td><b>Test method</b></td>
<td width="30%"><b>Exception</b></td>
<td width="10%"><b>Time (seconds)</b></td>
<td><b>Instance</b></td>
</tr>
<tr>
<td title='Test_Frenzy_Dashboard.Editar_Premio.Premio_Test()'><b>Premio_Test</b><br>Test class: Test_Frenzy_Dashboard.Editar_Premio<br>Test method: Editar Premio Creado</td>
<td><div><pre>java.lang.AssertionError: Method failed in Editar Premio Expected condition failed: waiting for visibility of element located by By.xpath: //DIV[@role=&apos;dialog&apos;] (tried for 30 second(s) with 500 MILLISECONDS interval)
	at org.testng.Assert.fail(Assert.java:93)
	at Test_Frenzy_Dashboard.Editar_Premio.Premio_Test(Editar_Premio.java:36)
	at sun.reflect.NativeMethodAccessorImpl.invoke0(Native Method)
	at sun.reflect.NativeMethodAccessorImpl.invoke(NativeMethodAccessorImpl.java:62)
	at sun.reflect.DelegatingMethodAccessorImpl.invoke(DelegatingMethodAccessorImpl.java:43)
	at java.lang.reflect.Method.invoke(Method.java:498)
	at org.testng.internal.MethodInvocationHelper.invokeMethod(MethodInvocationHelper.java:108)
	at org.testng.internal.Invoker.invokeMethod(Invoker.java:669)
	at org.testng.internal.Invoker.invokeTestMethod(Invoker.java:877)
	at org.testng.internal.Invoker.invokeTestMethods(Invoker.java:1201)
	at org.testng.internal.TestMethodWorker.invokeTestMethods(TestMethodWorker.java:125)
	at org.testng.internal.TestMethodWorker.run(TestMethodWorker.java:109)
	at org.testng.TestRunner.privateRun(TestRunner.java:776)
	at org.testng.TestRunner.run(TestRunner.java:634)
	at org.testng.SuiteRunner.runTest(SuiteRunner.java:425)
	at org.testng.SuiteRunner.runSequentially(SuiteRunner.java:420)
	at org.testng.SuiteRunner.privateRun(SuiteRunner.java:385)
	at org.testng.SuiteRunner.run(SuiteRunner.java:334)
	at org.testng.SuiteRunnerWorker.runSuite(SuiteRunnerWorker.java:52)
	at org.testng.SuiteRunnerWorker.run(SuiteRunnerWorker.java:86)
	at org.testng.TestNG.runSuitesSequentially(TestNG.java:1318)
	at org.testng.TestNG.runSuitesLocally(TestNG.java:1243)
	at org.testng.TestNG.runSuites(TestNG.java:1161)
	at org.testng.TestNG.run(TestNG.java:1129)
	at org.testng.remote.AbstractRemoteTestNG.run(AbstractRemoteTestNG.java:114)
	at org.testng.remote.RemoteTestNG.initAndRun(RemoteTestNG.java:251)
	at org.testng.remote.RemoteTestNG.main(RemoteTestNG.java:77)
</pre></div><a href='#' onClick='toggleBox("stack-trace735085430", this, "Click to show all stack frames", "Click to hide stack frames")'>Click to show all stack frames</a>
<div class='stack-trace' id='stack-trace735085430'><pre>java.lang.AssertionError: Method failed in Editar Premio Expected condition failed: waiting for visibility of element located by By.xpath: //DIV[@role=&apos;dialog&apos;] (tried for 30 second(s) with 500 MILLISECONDS interval)
	at org.testng.Assert.fail(Assert.java:93)
	at Test_Frenzy_Dashboard.Editar_Premio.Premio_Test(Editar_Premio.java:36)
	at sun.reflect.NativeMethodAccessorImpl.invoke0(Native Method)
	at sun.reflect.NativeMethodAccessorImpl.invoke(NativeMethodAccessorImpl.java:62)
	at sun.reflect.DelegatingMethodAccessorImpl.invoke(DelegatingMethodAccessorImpl.java:43)
	at java.lang.reflect.Method.invoke(Method.java:498)
	at org.testng.internal.MethodInvocationHelper.invokeMethod(MethodInvocationHelper.java:108)
	at org.testng.internal.Invoker.invokeMethod(Invoker.java:669)
	at org.testng.internal.Invoker.invokeTestMethod(Invoker.java:877)
	at org.testng.internal.Invoker.invokeTestMethods(Invoker.java:1201)
	at org.testng.internal.TestMethodWorker.invokeTestMethods(TestMethodWorker.java:125)
	at org.testng.internal.TestMethodWorker.run(TestMethodWorker.java:109)
	at org.testng.TestRunner.privateRun(TestRunner.java:776)
	at org.testng.TestRunner.run(TestRunner.java:634)
	at org.testng.SuiteRunner.runTest(SuiteRunner.java:425)
	at org.testng.SuiteRunner.runSequentially(SuiteRunner.java:420)
	at org.testng.SuiteRunner.privateRun(SuiteRunner.java:385)
	at org.testng.SuiteRunner.run(SuiteRunner.java:334)
	at org.testng.SuiteRunnerWorker.runSuite(SuiteRunnerWorker.java:52)
	at org.testng.SuiteRunnerWorker.run(SuiteRunnerWorker.java:86)
	at org.testng.TestNG.runSuitesSequentially(TestNG.java:1318)
	at org.testng.TestNG.runSuitesLocally(TestNG.java:1243)
	at org.testng.TestNG.runSuites(TestNG.java:1161)
	at org.testng.TestNG.run(TestNG.java:1129)
	at org.testng.remote.AbstractRemoteTestNG.run(AbstractRemoteTestNG.java:114)
	at org.testng.remote.RemoteTestNG.initAndRun(RemoteTestNG.java:251)
	at org.testng.remote.RemoteTestNG.main(RemoteTestNG.java:77)
</pre></div></td>
<td>34</td>
<td>Test_Frenzy_Dashboard.Editar_Premio@f6c48ac</td></tr>
<tr>
<td title='Test_Frenzy_Dashboard.Editar_Premio.Tarjeta_Test()'><b>Tarjeta_Test</b><br>Test class: Test_Frenzy_Dashboard.Editar_Premio<br>Test method: Editar Tarjeta Creada</td>
<td><div><pre>java.lang.AssertionError: Method failed in Editar Tarjeta Expected condition failed: waiting for visibility of element located by By.xpath: //DIV[@role=&apos;dialog&apos;] (tried for 30 second(s) with 500 MILLISECONDS interval)
	at org.testng.Assert.fail(Assert.java:93)
	at Test_Frenzy_Dashboard.Editar_Tarjeta.Tarjeta_Test(Editar_Tarjeta.java:35)
	at sun.reflect.NativeMethodAccessorImpl.invoke0(Native Method)
	at sun.reflect.NativeMethodAccessorImpl.invoke(NativeMethodAccessorImpl.java:62)
	at sun.reflect.DelegatingMethodAccessorImpl.invoke(DelegatingMethodAccessorImpl.java:43)
	at java.lang.reflect.Method.invoke(Method.java:498)
	at org.testng.internal.MethodInvocationHelper.invokeMethod(MethodInvocationHelper.java:108)
	at org.testng.internal.Invoker.invokeMethod(Invoker.java:669)
	at org.testng.internal.Invoker.invokeTestMethod(Invoker.java:877)
	at org.testng.internal.Invoker.invokeTestMethods(Invoker.java:1201)
	at org.testng.internal.TestMethodWorker.invokeTestMethods(TestMethodWorker.java:125)
	at org.testng.internal.TestMethodWorker.run(TestMethodWorker.java:109)
	at org.testng.TestRunner.privateRun(TestRunner.java:776)
	at org.testng.TestRunner.run(TestRunner.java:634)
	at org.testng.SuiteRunner.runTest(SuiteRunner.java:425)
	at org.testng.SuiteRunner.runSequentially(SuiteRunner.java:420)
	at org.testng.SuiteRunner.privateRun(SuiteRunner.java:385)
	at org.testng.SuiteRunner.run(SuiteRunner.java:334)
	at org.testng.SuiteRunnerWorker.runSuite(SuiteRunnerWorker.java:52)
	at org.testng.SuiteRunnerWorker.run(SuiteRunnerWorker.java:86)
	at org.testng.TestNG.runSuitesSequentially(TestNG.java:1318)
	at org.testng.TestNG.runSuitesLocally(TestNG.java:1243)
	at org.testng.TestNG.runSuites(TestNG.java:1161)
	at org.testng.TestNG.run(TestNG.java:1129)
	at org.testng.remote.AbstractRemoteTestNG.run(AbstractRemoteTestNG.java:114)
	at org.testng.remote.RemoteTestNG.initAndRun(RemoteTestNG.java:251)
	at org.testng.remote.RemoteTestNG.main(RemoteTestNG.java:77)
</pre></div><a href='#' onClick='toggleBox("stack-trace1625252058", this, "Click to show all stack frames", "Click to hide stack frames")'>Click to show all stack frames</a>
<div class='stack-trace' id='stack-trace1625252058'><pre>java.lang.AssertionError: Method failed in Editar Tarjeta Expected condition failed: waiting for visibility of element located by By.xpath: //DIV[@role=&apos;dialog&apos;] (tried for 30 second(s) with 500 MILLISECONDS interval)
	at org.testng.Assert.fail(Assert.java:93)
	at Test_Frenzy_Dashboard.Editar_Tarjeta.Tarjeta_Test(Editar_Tarjeta.java:35)
	at sun.reflect.NativeMethodAccessorImpl.invoke0(Native Method)
	at sun.reflect.NativeMethodAccessorImpl.invoke(NativeMethodAccessorImpl.java:62)
	at sun.reflect.DelegatingMethodAccessorImpl.invoke(DelegatingMethodAccessorImpl.java:43)
	at java.lang.reflect.Method.invoke(Method.java:498)
	at org.testng.internal.MethodInvocationHelper.invokeMethod(MethodInvocationHelper.java:108)
	at org.testng.internal.Invoker.invokeMethod(Invoker.java:669)
	at org.testng.internal.Invoker.invokeTestMethod(Invoker.java:877)
	at org.testng.internal.Invoker.invokeTestMethods(Invoker.java:1201)
	at org.testng.internal.TestMethodWorker.invokeTestMethods(TestMethodWorker.java:125)
	at org.testng.internal.TestMethodWorker.run(TestMethodWorker.java:109)
	at org.testng.TestRunner.privateRun(TestRunner.java:776)
	at org.testng.TestRunner.run(TestRunner.java:634)
	at org.testng.SuiteRunner.runTest(SuiteRunner.java:425)
	at org.testng.SuiteRunner.runSequentially(SuiteRunner.java:420)
	at org.testng.SuiteRunner.privateRun(SuiteRunner.java:385)
	at org.testng.SuiteRunner.run(SuiteRunner.java:334)
	at org.testng.SuiteRunnerWorker.runSuite(SuiteRunnerWorker.java:52)
	at org.testng.SuiteRunnerWorker.run(SuiteRunnerWorker.java:86)
	at org.testng.TestNG.runSuitesSequentially(TestNG.java:1318)
	at org.testng.TestNG.runSuitesLocally(TestNG.java:1243)
	at org.testng.TestNG.runSuites(TestNG.java:1161)
	at org.testng.TestNG.run(TestNG.java:1129)
	at org.testng.remote.AbstractRemoteTestNG.run(AbstractRemoteTestNG.java:114)
	at org.testng.remote.RemoteTestNG.initAndRun(RemoteTestNG.java:251)
	at org.testng.remote.RemoteTestNG.main(RemoteTestNG.java:77)
</pre></div></td>
<td>36</td>
<td>Test_Frenzy_Dashboard.Editar_Premio@f6c48ac</td></tr>
</table><p>
<table width='100%' border='1' class='invocation-passed'>
<tr><td colspan='4' align='center'><b>PASSED TESTS</b></td></tr>
<tr><td><b>Test method</b></td>
<td width="30%"><b>Exception</b></td>
<td width="10%"><b>Time (seconds)</b></td>
<td><b>Instance</b></td>
</tr>
<tr>
<td title='Test_Frenzy_Dashboard.Editar_Premio.Caclular()'><b>Caclular</b><br>Test class: Test_Frenzy_Dashboard.Editar_Premio</td>
<td></td>
<td>1</td>
<td>Test_Frenzy_Dashboard.Editar_Premio@f6c48ac</td></tr>
<tr>
<td title='Test_Frenzy_Dashboard.Editar_Premio.ContactForm()'><b>ContactForm</b><br>Test class: Test_Frenzy_Dashboard.Editar_Premio<br>Test method: Test Contact Form in Home</td>
<td></td>
<td>6</td>
<td>Test_Frenzy_Dashboard.Editar_Premio@f6c48ac</td></tr>
<tr>
<td title='Test_Frenzy_Dashboard.Editar_Premio.Cupon_Test()'><b>Cupon_Test</b><br>Test class: Test_Frenzy_Dashboard.Editar_Premio<br>Test method: Editar Cupon Creado</td>
<td></td>
<td>11</td>
<td>Test_Frenzy_Dashboard.Editar_Premio@f6c48ac</td></tr>
<tr>
<td title='Test_Frenzy_Dashboard.Editar_Premio.Cupones_y_Promociones()'><b>Cupones_y_Promociones</b><br>Test class: Test_Frenzy_Dashboard.Editar_Premio</td>
<td></td>
<td>2</td>
<td>Test_Frenzy_Dashboard.Editar_Premio@f6c48ac</td></tr>
<tr>
<td title='Test_Frenzy_Dashboard.Editar_Premio.Login_Test()'><b>Login_Test</b><br>Test class: Test_Frenzy_Dashboard.Editar_Premio<br>Test method: Test Login de usuario</td>
<td></td>
<td>1</td>
<td>Test_Frenzy_Dashboard.Editar_Premio@f6c48ac</td></tr>
<tr>
<td title='Test_Frenzy_Dashboard.Editar_Premio.ModificarPromoción_Test()'><b>ModificarPromoción_Test</b><br>Test class: Test_Frenzy_Dashboard.Editar_Premio<br>Test method: Modificar Promoción Creada</td>
<td></td>
<td>10</td>
<td>Test_Frenzy_Dashboard.Editar_Premio@f6c48ac</td></tr>
<tr>
<td title='Test_Frenzy_Dashboard.Editar_Premio.Navegacion()'><b>Navegacion</b><br>Test class: Test_Frenzy_Dashboard.Editar_Premio<br>Test method: Prueba de botones de navegación</td>
<td></td>
<td>10</td>
<td>Test_Frenzy_Dashboard.Editar_Premio@f6c48ac</td></tr>
<tr>
<td title='Test_Frenzy_Dashboard.Editar_Premio.NuevaPromocion_Test()'><b>NuevaPromocion_Test</b><br>Test class: Test_Frenzy_Dashboard.Editar_Premio<br>Test method: Test de nueva promocion</td>
<td></td>
<td>5</td>
<td>Test_Frenzy_Dashboard.Editar_Premio@f6c48ac</td></tr>
<tr>
<td title='Test_Frenzy_Dashboard.Editar_Premio.OpenBrowser()'><b>OpenBrowser</b><br>Test class: Test_Frenzy_Dashboard.Editar_Premio<br>Test method: Abrir el navegador</td>
<td></td>
<td>3</td>
<td>Test_Frenzy_Dashboard.Editar_Premio@f6c48ac</td></tr>
<tr>
<td title='Test_Frenzy_Dashboard.Editar_Premio.PaginaSistemaDeBits()'><b>PaginaSistemaDeBits</b><br>Test class: Test_Frenzy_Dashboard.Editar_Premio<br>Test method: Test Byts System Page</td>
<td></td>
<td>2</td>
<td>Test_Frenzy_Dashboard.Editar_Premio@f6c48ac</td></tr>
<tr>
<td title='Test_Frenzy_Dashboard.Editar_Premio.PremiosAlInstante_Test()'><b>PremiosAlInstante_Test</b><br>Test class: Test_Frenzy_Dashboard.Editar_Premio<br>Test method: Test Crear nuevo premio al instante</td>
<td></td>
<td>1</td>
<td>Test_Frenzy_Dashboard.Editar_Premio@f6c48ac</td></tr>
<tr>
<td title='Test_Frenzy_Dashboard.Editar_Premio.TarjetaLealtad_Test()'><b>TarjetaLealtad_Test</b><br>Test class: Test_Frenzy_Dashboard.Editar_Premio<br>Test method: Test Crear nueva tarjeta de lealtad</td>
<td></td>
<td>1</td>
<td>Test_Frenzy_Dashboard.Editar_Premio@f6c48ac</td></tr>
<tr>
<td title='Test_Frenzy_Dashboard.Editar_Premio.Test_Promocion()'><b>Test_Promocion</b><br>Test class: Test_Frenzy_Dashboard.Editar_Premio<br>Test method: Test de Nueva Promoción</td>
<td></td>
<td>6</td>
<td>Test_Frenzy_Dashboard.Editar_Premio@f6c48ac</td></tr>
<tr>
<td title='Test_Frenzy_Dashboard.Editar_Premio.Test_SignUp()'><b>Test_SignUp</b><br>Test class: Test_Frenzy_Dashboard.Editar_Premio<br>Test method: Registrar a un usuario ya registrado</td>
<td></td>
<td>2</td>
<td>Test_Frenzy_Dashboard.Editar_Premio@f6c48ac</td></tr>
<tr>
<td title='Test_Frenzy_Dashboard.Editar_Premio.VerMas()'><b>VerMas</b><br>Test class: Test_Frenzy_Dashboard.Editar_Premio<br>Test method: Register new user</td>
<td></td>
<td>12</td>
<td>Test_Frenzy_Dashboard.Editar_Premio@f6c48ac</td></tr>
<tr>
<td title='Test_Frenzy_Dashboard.Editar_Premio.Video()'><b>Video</b><br>Test class: Test_Frenzy_Dashboard.Editar_Premio<br>Test method: Test Video in Home</td>
<td></td>
<td>1</td>
<td>Test_Frenzy_Dashboard.Editar_Premio@f6c48ac</td></tr>
<tr>
<td title='Test_Frenzy_Dashboard.Editar_Premio.VideoInBitsSystem()'><b>VideoInBitsSystem</b><br>Test class: Test_Frenzy_Dashboard.Editar_Premio</td>
<td></td>
<td>2</td>
<td>Test_Frenzy_Dashboard.Editar_Premio@f6c48ac</td></tr>
<tr>
<td title='Test_Frenzy_Dashboard.Editar_Premio.f()'><b>f</b><br>Test class: Test_Frenzy_Dashboard.Editar_Premio<br>Test method: Entrar en Empresa selecciondad</td>
<td></td>
<td>1</td>
<td>Test_Frenzy_Dashboard.Editar_Premio@f6c48ac</td></tr>
</table><p>
</body>
</html>