<?xml version="1.0" encoding="UTF-8"?>
<!-- Generated by org.testng.reporters.JUnitReportReporter -->
<testsuite skipped="0" hostname="Cognits-1" name="Test_Frenzy_Dashboard.Editar_Cupon" tests="10" failures="0" timestamp="05 oct 2017 18:29:12 GMT" time="49.788" errors="0">
  <testcase name="OpenBrowser" time="3.780" classname="Test_Frenzy_Dashboard.Editar_Cupon"/>
  <testcase name="Test_SignUp" time="10.682" classname="Test_Frenzy_Dashboard.Editar_Cupon"/>
  <testcase name="Login_Test" time="0.984" classname="Test_Frenzy_Dashboard.Editar_Cupon"/>
  <testcase name="f" time="1.341" classname="Test_Frenzy_Dashboard.Editar_Cupon"/>
  <testcase name="Test_Promocion" time="5.895" classname="Test_Frenzy_Dashboard.Editar_Cupon"/>
  <testcase name="NuevaPromocion_Test" time="4.703" classname="Test_Frenzy_Dashboard.Editar_Cupon"/>
  <testcase name="TarjetaLealtad_Test" time="1.922" classname="Test_Frenzy_Dashboard.Editar_Cupon"/>
  <testcase name="PremiosAlInstante_Test" time="1.318" classname="Test_Frenzy_Dashboard.Editar_Cupon"/>
  <testcase name="ModificarPromoción_Test" time="10.320" classname="Test_Frenzy_Dashboard.Editar_Cupon"/>
  <testcase name="Cupon_Test" time="8.843" classname="Test_Frenzy_Dashboard.Editar_Cupon"/>
</testsuite> <!-- Test_Frenzy_Dashboard.Editar_Cupon -->
