<?xml version="1.0" encoding="UTF-8"?>
<!-- Generated by org.testng.reporters.JUnitReportReporter -->
<testsuite skipped="0" hostname="Cognits-1" name="Test_Frenzy_Dashboard.Modificar_Promocion" tests="9" failures="0" timestamp="05 oct 2017 18:18:06 GMT" time="43.784" errors="0">
  <testcase name="OpenBrowser" time="3.777" classname="Test_Frenzy_Dashboard.Modificar_Promocion"/>
  <testcase name="Test_SignUp" time="13.158" classname="Test_Frenzy_Dashboard.Modificar_Promocion"/>
  <testcase name="Login_Test" time="1.053" classname="Test_Frenzy_Dashboard.Modificar_Promocion"/>
  <testcase name="f" time="0.816" classname="Test_Frenzy_Dashboard.Modificar_Promocion"/>
  <testcase name="Test_Promocion" time="6.408" classname="Test_Frenzy_Dashboard.Modificar_Promocion"/>
  <testcase name="NuevaPromocion_Test" time="4.767" classname="Test_Frenzy_Dashboard.Modificar_Promocion"/>
  <testcase name="TarjetaLealtad_Test" time="1.897" classname="Test_Frenzy_Dashboard.Modificar_Promocion"/>
  <testcase name="PremiosAlInstante_Test" time="1.368" classname="Test_Frenzy_Dashboard.Modificar_Promocion"/>
  <testcase name="ModificarPromoción_Test" time="10.540" classname="Test_Frenzy_Dashboard.Modificar_Promocion"/>
</testsuite> <!-- Test_Frenzy_Dashboard.Modificar_Promocion -->
